<?xml version="1.0" encoding="UTF-8"?>
<!-- Generated by org.testng.reporters.JUnitReportReporter -->
<testsuite skipped="1" hostname="SENTHIL-PC" name="com.testNG.Sample" tests="2" failures="0" timestamp="2020-04-14T16:13:59 IST" time="0.016" errors="0">
  <testcase name="add" time="0.016" classname="com.testNG.Sample"/>
  <system-out/>
  <testcase name="add1" classname="com.testNG.Sample">
    <skipped/>
  </testcase> <!-- add1 -->
  <system-out/>
</testsuite> <!-- com.testNG.Sample -->
