<?xml version="1.0" encoding="UTF-8"?>
<!-- Generated by org.testng.reporters.JUnitReportReporter -->
<testsuite skipped="0" hostname="SENTHIL-PC" name="com.testNG.Practice" tests="6" failures="0" timestamp="2020-04-15T13:16:07 IST" time="0.048" errors="0">
  <testcase name="mul" time="0.016" classname="com.testNG.Practice"/>
  <system-out/>
  <testcase name="div" time="0.000" classname="com.testNG.Practice"/>
  <system-out/>
  <testcase name="add" time="0.016" classname="com.testNG.Practice"/>
  <system-out/>
  <testcase name="mul" time="0.000" classname="com.testNG.Practice"/>
  <system-out/>
  <testcase name="mul" time="0.000" classname="com.testNG.Practice"/>
  <system-out/>
  <testcase name="sub" time="0.016" classname="com.testNG.Practice"/>
  <system-out/>
</testsuite> <!-- com.testNG.Practice -->
