<?xml version="1.0" encoding="UTF-8"?>
<!-- Generated by org.testng.reporters.JUnitReportReporter -->
<testsuite skipped="1" hostname="SENTHIL-PC" name="seleniumInterViewPreparation.ScreenShotWays" tests="2" failures="0" timestamp="2020-05-02T11:48:45 IST" time="30.742" errors="0">
  <testcase name="forMultipleWebelement" time="30.742" classname="seleniumInterViewPreparation.ScreenShotWays"/>
  <system-out/>
  <testcase name="forWebelement" classname="seleniumInterViewPreparation.ScreenShotWays">
    <skipped/>
  </testcase> <!-- forWebelement -->
  <system-out/>
</testsuite> <!-- seleniumInterViewPreparation.ScreenShotWays -->
