<?xml version="1.0" encoding="UTF-8"?>
<!-- Generated by org.testng.reporters.JUnitReportReporter -->
<testsuite skipped="0" hostname="SENTHIL-PC" name="sbasics.AlertExapmle" tests="1" failures="0" timestamp="2020-11-01T09:55:46 IST" time="60.413" errors="0">
  <testcase name="alert" time="60.413" classname="sbasics.AlertExapmle"/>
  <system-out/>
</testsuite> <!-- sbasics.AlertExapmle -->
