<?xml version="1.0" encoding="UTF-8"?>
<!-- Generated by org.testng.reporters.JUnitReportReporter -->
<testsuite skipped="0" hostname="SENTHIL-PC" name="pageObjectModel.Pom" tests="1" failures="0" timestamp="2020-04-17T18:36:55 IST" time="17.638" errors="0">
  <testcase name="accessingObjects" time="17.638" classname="pageObjectModel.Pom"/>
  <system-out/>
</testsuite> <!-- pageObjectModel.Pom -->
