<?xml version="1.0" encoding="UTF-8"?>
<!-- Generated by org.testng.reporters.JUnitReportReporter -->
<testsuite skipped="0" hostname="SENTHIL-PC" name="pageObjectModel.FindingWebElementWithoutFindElement" tests="1" failures="0" timestamp="2020-04-17T19:36:07 IST" time="21.211" errors="0">
  <testcase name="toFind" time="21.211" classname="pageObjectModel.FindingWebElementWithoutFindElement"/>
  <system-out/>
</testsuite> <!-- pageObjectModel.FindingWebElementWithoutFindElement -->
