<?xml version="1.0" encoding="UTF-8"?>
<!-- Generated by org.testng.reporters.JUnitReportReporter -->
<testsuite skipped="0" hostname="SENTHIL-PC" name="com.testNG.AnnotationOrder" tests="2" failures="0" timestamp="2020-04-17T12:15:34 IST" time="0.015" errors="0">
  <testcase name="test1" time="0.000" classname="com.testNG.AnnotationOrder"/>
  <system-out/>
  <testcase name="test" time="0.015" classname="com.testNG.AnnotationOrder"/>
  <system-out/>
</testsuite> <!-- com.testNG.AnnotationOrder -->
