<?xml version="1.0" encoding="UTF-8"?>
<!-- Generated by org.testng.reporters.JUnitReportReporter -->
<testsuite skipped="0" hostname="SENTHIL-PC" name="mailHandling.HandlingWithGmail" tests="1" failures="0" timestamp="2020-10-21T21:55:47 IST" time="29.250" errors="0">
  <testcase name="login" time="29.250" classname="mailHandling.HandlingWithGmail"/>
  <system-out/>
</testsuite> <!-- mailHandling.HandlingWithGmail -->
