<?xml version="1.0" encoding="UTF-8"?>
<!-- Generated by org.testng.reporters.JUnitReportReporter -->
<testsuite skipped="0" hostname="SENTHIL-PC" name="com.testNG.GroupsInTestNG" tests="7" failures="0" timestamp="2020-04-21T08:40:01 IST" time="0.033" errors="0">
  <testcase name="mi1" time="0.001" classname="com.testNG.GroupsInTestNG"/>
  <system-out/>
  <testcase name="apple" time="0.020" classname="com.testNG.GroupsInTestNG"/>
  <system-out/>
  <testcase name="mi" time="0.002" classname="com.testNG.GroupsInTestNG"/>
  <system-out/>
  <testcase name="samsung" time="0.002" classname="com.testNG.GroupsInTestNG"/>
  <system-out/>
  <testcase name="mi2" time="0.002" classname="com.testNG.GroupsInTestNG"/>
  <system-out/>
  <testcase name="lava" time="0.005" classname="com.testNG.GroupsInTestNG"/>
  <system-out/>
  <testcase name="samsung2" time="0.001" classname="com.testNG.GroupsInTestNG"/>
  <system-out/>
</testsuite> <!-- com.testNG.GroupsInTestNG -->
