<?xml version="1.0" encoding="UTF-8"?>
<!-- Generated by org.testng.reporters.JUnitReportReporter -->
<testsuite skipped="0" hostname="SENTHIL-PC" name="com.testNG.ParameterizationExample" tests="2" failures="0" timestamp="2020-04-16T10:46:39 IST" time="30.149" errors="0">
  <testcase name="getParameter" time="30.145" classname="com.testNG.ParameterizationExample"/>
  <system-out/>
  <testcase name="getParameter1" time="0.004" classname="com.testNG.ParameterizationExample"/>
  <system-out/>
</testsuite> <!-- com.testNG.ParameterizationExample -->
