<?xml version="1.0" encoding="UTF-8"?>
<!-- Generated by org.testng.reporters.JUnitReportReporter -->
<testsuite skipped="4" hostname="SENTHIL-PC" name="yuPackage.WebTableEx" tests="5" failures="0" timestamp="2020-04-16T21:26:44 IST" time="8.839" errors="0">
  <testcase name="toClick" time="8.839" classname="yuPackage.WebTableEx"/>
  <system-out/>
  <testcase name="particularData" classname="yuPackage.WebTableEx">
    <skipped/>
  </testcase> <!-- particularData -->
  <system-out/>
  <testcase name="particularColoumn" classname="yuPackage.WebTableEx">
    <skipped/>
  </testcase> <!-- particularColoumn -->
  <system-out/>
  <testcase name="particularRow" classname="yuPackage.WebTableEx">
    <skipped/>
  </testcase> <!-- particularRow -->
  <system-out/>
  <testcase name="allData" classname="yuPackage.WebTableEx">
    <skipped/>
  </testcase> <!-- allData -->
  <system-out/>
</testsuite> <!-- yuPackage.WebTableEx -->
