<?xml version="1.0" encoding="UTF-8"?>
<!-- Generated by org.testng.reporters.JUnitReportReporter -->
<testsuite skipped="0" hostname="SENTHIL-PC" name="com.testNG.ParallelExample" tests="3" failures="0" timestamp="2020-04-19T08:17:44 IST" time="178.292" errors="0">
  <testcase name="openGoogle" time="82.871" classname="com.testNG.ParallelExample"/>
  <system-out/>
  <testcase name="openFb" time="72.637" classname="com.testNG.ParallelExample"/>
  <system-out/>
  <testcase name="openBing" time="22.784" classname="com.testNG.ParallelExample"/>
  <system-out/>
</testsuite> <!-- com.testNG.ParallelExample -->
