<?xml version="1.0" encoding="UTF-8"?>
<!-- Generated by org.testng.reporters.JUnitReportReporter -->
<testsuite skipped="0" hostname="SENTHIL-PC" name="com.testNG.DataProviderExample" tests="3" failures="0" timestamp="2020-04-20T19:38:50 IST" time="94.810" errors="0">
  <testcase name="getData" time="43.331" classname="com.testNG.DataProviderExample"/>
  <system-out/>
  <testcase name="getData" time="31.675" classname="com.testNG.DataProviderExample"/>
  <system-out/>
  <testcase name="getData" time="19.804" classname="com.testNG.DataProviderExample"/>
  <system-out/>
</testsuite> <!-- com.testNG.DataProviderExample -->
