<?xml version="1.0" encoding="UTF-8"?>
<!-- Generated by org.testng.reporters.JUnitReportReporter -->
<testsuite skipped="0" hostname="SENTHIL-PC" name="com.testNG.AssertExample" tests="1" failures="0" timestamp="2020-05-05T12:53:47 IST" time="0.012" errors="0">
  <testcase name="Assert0" time="0.012" classname="com.testNG.AssertExample"/>
  <system-out/>
</testsuite> <!-- com.testNG.AssertExample -->
